<?xml version="1.0" encoding="UTF-8"?>
<!-- Generated by org.testng.reporters.JUnitXMLReporter -->
<testsuite ignored="0" hostname="DESKTOP-ID87O21" failures="1" tests="1" name="Test" time="146.706" errors="0" timestamp="2025-01-10T17:01:20 IST">
  <testcase classname="testCases.TC001_AccountRegistrationTest" name="verify_AccountRegistrationTest" time="23.139">
    <failure type="java.lang.AssertionError" message="expected [true] but found [false]">
      <![CDATA[java.lang.AssertionError: expected [true] but found [false]
at testCases.TC001_AccountRegistrationTest.verify_AccountRegistrationTest(TC001_AccountRegistrationTest.java:47)
at java.base/java.util.ArrayList.forEach(ArrayList.java:1597)
... Removed 33 stack frames]]>
    </failure>
  </testcase> <!-- verify_AccountRegistrationTest -->
</testsuite> <!-- Test -->
